0:100  0:100  MemLog inited, TSC freq: 1795918891
0:100  0:000  CPU was calibrated with ACPI PM Timer
0:100  0:000  
0:100  0:000  Now is 22.3.2019,  19:25:52 (GMT)
0:100  0:000  Starting Clover revision: 4895 on INSYDE Corp. EFI
0:100  0:000  Build with: [Args: -nb -mc --no-usb -D NO_GRUB_DRIVERS_EMBEDDED | -D DISABLE_USB_SUPPORT -D NO_GRUB_DRIVERS_EMBEDDED -D USE_BIOS_BLOCKIO -D USE_LOW_EBDA -D HAVE_LEGACY_EMURUNTIMEDXE -a X64 -b RELEASE -t XCODE8 -n 5 | OS: 10.13.6 | XCODE: 10.1]
0:100  0:000  SelfDevicePath=PciRoot(0x0)\Pci(0x1F,0x2)\Sata(0x0,0x0,0x0)\HD(1,GPT,D889A70D-5163-4EAC-8E0E-D7C55F5FD08F,0x22,0x11B7DE) @A76E1918
0:100  0:000  SelfDirPath = \EFI\CLOVER
0:100  0:000  === [ Get Smbios ] ========================================
0:100  0:000  Type 16 Index = 0
0:100  0:000  Total Memory Slots Count = 2
0:100  0:000  Type 17 Index = 0
0:100  0:000  SmbiosTable.Type17->Speed = 1600MHz
0:100  0:000  SmbiosTable.Type17->Size = 4096MB
0:100  0:000  SmbiosTable.Type17->Bank/Device = BANK 0 DIMM0
0:100  0:000  SmbiosTable.Type17->Vendor = ELPIDA
0:100  0:000  SmbiosTable.Type17->SerialNumber = 00000000
0:100  0:000  SmbiosTable.Type17->PartNumber = FCJ41UG6BBU0-DJ-F 
0:100  0:000  Type 17 Index = 1
0:100  0:000  SmbiosTable.Type17->Speed = 1600MHz
0:100  0:000  SmbiosTable.Type17->Size = 4096MB
0:100  0:000  SmbiosTable.Type17->Bank/Device = BANK 2 DIMM1
0:100  0:000  SmbiosTable.Type17->Vendor = Kingston
0:100  0:000  SmbiosTable.Type17->SerialNumber = 65B5AEC3
0:100  0:000  SmbiosTable.Type17->PartNumber = 99P5471-002.A00LFÿ
0:100  0:000  Boot status=0
0:100  0:000  Running on: 'Aspire V5-572G' with board 'Dazzle_CX '
0:100  0:000  === [ GetCPUProperties ] ==================================
0:100  0:000  CPU Vendor = 756E6547 Model=306A9
0:100  0:000   The CPU supported SSE4.1
0:100  0:000  BrandString = Intel(R) Core(TM) i5-3337U CPU @ 1.80GHz
0:100  0:000   The CPU supported turbo
0:100  0:000  MSR 0x35               20004
0:100  0:000  MSR 0xE2 before patch 1E008404
0:100  0:000  MSR 0xE2 is locked, PM patches will be turned on
0:100  0:000  MSR 0xCE              00080813_E0011200
0:100  0:000  corrected FLEX_RATIO = 100000
0:100  0:000  MSR 0x1B0             00000000
0:100  0:000  FSBFrequency = 95 MHz, DMI FSBFrequency = 100 MHz, Corrected FSBFrequency = 100 MHz
0:100  0:000  MaxDiv/MinDiv: 18.0/8
0:100  0:000  Turbo: 25/25/25/27
0:100  0:000  Features: 0xBFEBFBFF
0:100  0:000  Threads: 4
0:100  0:000  Cores: 2
0:100  0:000  FSB: 100 MHz
0:100  0:000  CPU: 1700 MHz
0:100  0:000  TSC: 1700 MHz
0:100  0:000  PIS: 100 MHz
0:100  0:000  ExternalClock: 25 MHz
0:100  0:000  === [ GetDevices ] ========================================
0:100  0:000  PCI (00|00:00.00) : 8086 0154 class=060000
0:100  0:000  PCI (00|00:02.00) : 8086 0166 class=030000
0:100  0:000   - GFX: Model=Intel HD Graphics 4000 (Intel)
0:100  0:000  PCI (00|00:14.00) : 8086 1E31 class=0C0330
0:100  0:000  PCI (00|00:16.00) : 8086 1E3A class=078000
0:100  0:000  PCI (00|00:1A.00) : 8086 1E2D class=0C0320
0:100  0:000  PCI (00|00:1B.00) : 8086 1E20 class=040300
0:100  0:000  PCI (00|00:1C.00) : 8086 1E10 class=060400
0:100  0:000  PCI (00|00:1C.01) : 8086 1E12 class=060400
0:100  0:000  PCI (00|03:00.00) : 14E4 43B1 class=028000
0:100  0:000   - WIFI: Vendor=Broadcom
0:100  0:000  PCI (00|00:1C.02) : 8086 1E14 class=060400
0:100  0:000  PCI (00|04:00.00) : 10EC 5287 class=FF0000
0:100  0:000  PCI (00|04:00.01) : 10EC 8168 class=020000
0:100  0:000   - LAN: 0 Vendor=Realtek
0:100  0:000  PCI (00|00:1D.00) : 8086 1E26 class=0C0320
0:100  0:000  PCI (00|00:1F.00) : 8086 1E57 class=060100
0:100  0:000  PCI (00|00:1F.02) : 8086 1E03 class=010601
0:100  0:000  PCI (00|00:1F.03) : 8086 1E22 class=0C0500
0:100  0:000  PCI (00|00:1F.06) : FFFF FFFF class=FFFFFF
0:100  0:000  === [ GetDefaultSettings ] ================================
0:100  0:000  Clover load options size = 0 bytes
0:102  0:001  EFI\CLOVER\config.plist loaded: Success
0:102  0:000  === [ GetListOfThemes ] ===================================
0:103  0:000  - [00]: embedded
0:104  0:000  - [00]: Minimalism
0:105  0:001  - [01]: El Capitan
0:106  0:000  === [ Found config plists ] ===============================
0:106  0:000  - config-install.plist
0:106  0:000  - config-backup.plist
0:106  0:000  - config.plist
0:106  0:000  === [ GetEarlyUserSettings ] ==============================
0:106  0:000  timeout set to 3
0:106  0:000  Custom boot CUSTOM_BOOT_DISABLED (0x0)
0:106  0:000  KextsToPatch: 4 requested
0:106  0:000   - [00]: com.apple.iokit.IOUSBHostFamily (USB port limit patch #1 10.14.x modify by DalianSky(credit ydeng)) :: MatchOS: 10.14.x :: BinPatch :: data len: 4
0:106  0:000   - [01]: com.apple.iokit.IOUSBHostFamily (USB port limit patch #2 10.14.x modify by DalianSky(credit PMHeart)) :: MatchOS: 10.14.x :: BinPatch :: data len: 4
0:106  0:000   - [02]: com.apple.driver.usb.AppleUSBXHCI (USB Port limit patch #3 10.14.x modify by DalianSky(credits PMheart)) :: MatchOS: 10.14.x :: BinPatch :: data len: 4
0:106  0:000   - [03]: com.apple.driver.usb.AppleUSBXHCI (USB Port limit patch #4 10.14.x modify by DalianSky(credits PMheart)) :: MatchOS: 10.14.x :: BinPatch :: data len: 4
0:106  0:000  Default theme: Minimalism
0:106  0:000  Hiding entries with string Preboot
0:106  0:000  Hiding entries with string Recovery
0:106  0:000   Custom EDID is ok
0:106  0:000  === [ LoadDrivers ] =======================================
0:107  0:000  Loading ApfsDriverLoader-64.efi  status=Success
0:107  0:000   - driver needs connecting
0:107  0:000  Loading AppleImageLoader-64.efi  status=Success
0:107  0:000  Loading AptioInputFix-64.efi  status=Success
0:107  0:000  Loading AptioMemoryFix-64.efi  status=Success
0:108  0:000  Loading DataHubDxe-64.efi  status=Success
0:108  0:000  Loading FSInject-64.efi  status=Success
0:108  0:000  Loading HFSPlus-64.efi  status=Success
0:109  0:000   - driver needs connecting
0:109  0:000  Loading SMCHelper-64.efi  status=Success
0:109  0:000  Loading AudioDxe-64.efi  status=Success
0:110  0:001   - driver needs connecting
0:110  0:000  3 drivers needs connecting ...
0:110  0:000  PlatformDriverOverrideProtocol not found. Installing ... Success
0:110  0:000  HFS+ driver loaded
0:110  0:000  APFS driver loaded
0:110  0:000  Searching for invalid DiskIo BY_DRIVER connects: not found, all ok
4:512  4:401  === [ InitScreen ] ========================================
4:512  0:000  Console modes reported: 5, available modes:
4:512  0:000   - [01]: 80x25
4:512  0:000   - [03]: 170x40 (current mode)
4:512  0:000   - [04]: 100x31
4:512  0:000   - [05]: 128x40
4:512  0:000  SetScreenResolution: 1366x768 - already set
4:512  0:000  reinit: self device path=PciRoot(0x0)\Pci(0x1F,0x2)\Sata(0x0,0x0,0x0)\HD(1,GPT,D889A70D-5163-4EAC-8E0E-D7C55F5FD08F,0x22,0x11B7DE)
4:512  0:000  === [ GetMacAddress ] =====================================
4:512  0:000  MAC address of LAN #0= 08:9E:01:9E:2C:CC:
4:512  0:000  MAC address of LAN #1= 08:9E:01:9E:2C:CC:
4:512  0:000  MAC address of LAN #2= 08:9E:01:9E:2C:CC:
4:512  0:000  MAC address of LAN #3= 08:9E:01:9E:2C:CC:
4:512  0:000  === [ ScanSPD ] ===========================================
4:512  0:000  Scanning SMBus [8086:1E22], mmio: 0xC0815004, ioport: 0x3040, hostc: 0x1
4:531  0:018  Slot: 2 Type 24 4096MB 1600MHz Vendor=Kingston PartNo=99P5471-002.A00LF SerialNo=06050B050A0E0C03
4:532  0:000  === [ GetAcpiTablesList ] =================================
4:532  0:000  Get Acpi Tables List from RSDT:
4:532  0:000   - [00]: FACP  ACRPRDCT len=268
4:532  0:000   - [01]: UEFI  ACRPRDCT len=566
4:532  0:000   - [02]: ASF!  ACRPRDCT len=165
4:532  0:000   - [03]: HPET  ACRPRDCT len=56
4:532  0:000   - [04]: APIC  ACRPRDCT len=140
4:532  0:000   - [05]: MCFG  ACRPRDCT len=60
4:532  0:000   - [06]: WDAT  ACRPRDCT len=548
4:532  0:000   - [07]: SSDT  ACRPRDCT len=4200
4:532  0:000   - [08]: BOOT  ACRPRDCT len=40
4:532  0:000   - [09]: ASPT  ACRPRDCT len=52
4:532  0:000   - [10]: FPDT  ACRPRDCT len=68
4:532  0:000   - [11]: MSDM  ACRPRDCT len=85
4:532  0:000   - [12]: SSDT  ACRPRDCT len=2276
4:532  0:000   - [13]: SSDT  ACRPRDCT len=2850
4:532  0:000   - [14]: DMAR  ACRPRDCT len=184
4:532  0:000   - [15]: BGRT  ACRPRDCT len=56
4:532  0:000  Calibrated TSC Frequency = 1795918891 = 1795MHz
4:532  0:000  === [ GetUserSettings ] ===================================
4:532  0:000   Custom EDID is ok
4:532  0:000  Can't install EdidOverride on ImageHandle
4:532  0:000  Add 2 devices:
4:532  0:000  USB FixOwnership: yes
4:532  0:000  Dropping 2 tables:
4:532  0:000   - [00]: Drop table  signature="#MCF" (46434D23)
4:532  0:000           - set table: 46434D23,                0 to drop: no
4:532  0:000   - [01]: Drop table  signature="#DMA" (414D4423)
4:532  0:000           - set table: 414D4423,                0 to drop: no
4:532  0:000   - final DSDT Fix mask=00400011
4:532  0:000  PatchesDSDT: 7 requested
4:532  0:000   - [00]: (change _OSI to XOSI) lenToFind: 4, lenToReplace: 4, Target Bridge: <null string>
4:532  0:000    patch disabled at config
4:532  0:000   - [01]: (change _DSM to XDSM) lenToFind: 4, lenToReplace: 4, Target Bridge: <null string>
4:532  0:000   - [02]: (change EC0 to EC) lenToFind: 4, lenToReplace: 4, Target Bridge: <null string>
4:532  0:000   - [03]: (change EHC1 to EH01(USB)) lenToFind: 4, lenToReplace: 4, Target Bridge: <null string>
4:532  0:000    patch disabled at config
4:532  0:000   - [04]: (change EHC2 to EH02(USB)) lenToFind: 4, lenToReplace: 4, Target Bridge: <null string>
4:532  0:000    patch disabled at config
4:532  0:000   - [05]: (change GFX0 to IGPU) lenToFind: 4, lenToReplace: 4, Target Bridge: <null string>
4:532  0:000   - [06]: (Rename SAT0 to SATA (Disk)) lenToFind: 4, lenToReplace: 4, Target Bridge: <null string>
4:532  0:000  Using ProductName from config: MacBookPro9,2
4:532  0:000  BiosVersion: not set, Using BiosVersion from clover
4:532  0:000  BiosVersion: MBP91.88Z.F000.B00.1812191334
4:532  0:000  BiosReleaseDate: 12/19/2018
4:532  0:000  Using EfiVersion from clover: 223.0.0.0.0
4:532  0:000  Using FirmwareFeatures from clover: 0xC00DE137
4:532  0:000  Using FirmwareFeaturesMask from clover: 0xFF1FFF3F
4:532  0:000  PlatformFeature will not set in SMBIOS
4:533  0:000  === [ Found DSDT tables ] =================================
4:678  0:145  === [ ScanVolumes ] =======================================
4:678  0:000  Found 10 volumes with blockIO
4:678  0:000  - [00]: Volume: PciRoot(0x0)\Pci(0x1F,0x2)\Sata(0x0,0x0,0x0)
4:678  0:000  - [01]: Volume: PciRoot(0x0)\Pci(0x1F,0x2)\Sata(0x0,0x0,0x0)\HD(1,GPT,D889A70D-5163-4EAC-8E0E-D7C55F5FD08F,0x22,0x11B7DE)
4:678  0:000          Result of bootcode detection: bootable Windows (vista,win)
4:679  0:000          This is SelfVolume !!
4:679  0:000  - [02]: Volume: PciRoot(0x0)\Pci(0x1F,0x2)\Sata(0x0,0x0,0x0)\HD(2,GPT,D0BBFED0-9D33-4729-9C54-22CF9FE2A620,0x11B800,0x8000)
4:679  0:000  - [03]: Volume: PciRoot(0x0)\Pci(0x1F,0x2)\Sata(0x0,0x0,0x0)\HD(3,GPT,8D269EB4-B25A-48DE-A119-906F5F41007B,0x123800,0x1582D800)
4:679  0:000          Result of bootcode detection: bootable Windows (vista,win)
4:679  0:000  - [04]: Volume: PciRoot(0x0)\Pci(0x1F,0x2)\Sata(0x0,0x0,0x0)\HD(4,GPT,3E4B06BA-72E1-4123-B4C5-253C51F7AB4F,0x15951000,0x1D2800)
4:680  0:000          Result of bootcode detection: bootable Windows (vista,win)
4:680  0:000  - [05]: Volume: PciRoot(0x0)\Pci(0x1F,0x2)\Sata(0x0,0x0,0x0)\HD(5,GPT,9BAFB41E-6CB7-45E6-8903-B2D0B113EFDA,0x15B24000,0x6400488)
4:680  0:000          Result of bootcode detection: bootable unknown (legacy)
4:680  0:000  - [06]: Volume: PciRoot(0x0)\Pci(0x1F,0x2)\Sata(0x0,0x0,0x0)\HD(5,GPT,9BAFB41E-6CB7-45E6-8903-B2D0B113EFDA,0x15B24000,0x6400488)\VenMedia(BE74FCF7-0B7C-49F3-9147-01F4042E6842,A53CF916CDA9E34FB558CA3C9A6888A4)
4:680  0:000          hiding this volume
4:680  0:000  - [07]: Volume: PciRoot(0x0)\Pci(0x1F,0x2)\Sata(0x0,0x0,0x0)\HD(5,GPT,9BAFB41E-6CB7-45E6-8903-B2D0B113EFDA,0x15B24000,0x6400488)\VenMedia(BE74FCF7-0B7C-49F3-9147-01F4042E6842,298AD7FA84335339B87CFECAB6111AB6)
4:680  0:000  - [08]: Volume: PciRoot(0x0)\Pci(0x1F,0x2)\Sata(0x0,0x0,0x0)\HD(5,GPT,9BAFB41E-6CB7-45E6-8903-B2D0B113EFDA,0x15B24000,0x6400488)\VenMedia(BE74FCF7-0B7C-49F3-9147-01F4042E6842,43A29D95714CA649835F8861C4436205)
4:680  0:000          hiding this volume
4:680  0:000  - [09]: Volume: PciRoot(0x0)\Pci(0x1F,0x2)\Sata(0x0,0x0,0x0)\HD(5,GPT,9BAFB41E-6CB7-45E6-8903-B2D0B113EFDA,0x15B24000,0x6400488)\VenMedia(BE74FCF7-0B7C-49F3-9147-01F4042E6842,15EE6C894C23C94D81A54C23296A1CEE)
4:681  0:000  found 2 handles with audio
4:681  0:000  No AudioIoDevice stored
4:681  0:000  no stored audio parameters
4:681  0:000  === [ InitTheme ] =========================================
4:681  0:000  use daylight theme
4:682  0:001  Using theme 'Minimalism' (EFI\CLOVER\themes\Minimalism)
4:682  0:000  OS main and drive as badge
4:682  0:000  file sound read: sound.wav Not Found
4:685  0:003  Loading font from ThemeDir: Success
4:686  0:000  theme inited
4:686  0:000  Chosen theme Minimalism
4:686  0:000  found boot-args in NVRAM:, size=1
4:686  0:000  after NVRAM boot-args=kext-dev-mode=1 dart=0 slide=0 nv_disable=1 -alcbeta
4:686  0:000  === [ Dump SMC keys from NVRAM ] ==========================
4:686  0:000  found AppleSMC protocol
4:693  0:007  Registered 17 SMC keys
4:693  0:000  === [ ScanLoader ] ========================================
4:693  0:000  - [01]: 'EFI'
4:694  0:000          AddLoaderEntry for Volume Name=EFI
4:696  0:002          AddLoaderEntry for Volume Name=EFI
4:696  0:000          skipped because entry is hidden
4:696  0:000  - [06]: 'Preboot', hidden
4:696  0:000  - [07]: 'Mac'
4:743  0:046          AddLoaderEntry for Volume Name=Mac
4:754  0:010      hibernated: set as never
4:755  0:001          [!] Icon 18 (icons\vol_internal_apfs.icns) not found (path: EFI\CLOVER\themes\Minimalism)
4:761  0:006  - [08]: 'Recovery', hidden
4:761  0:000  - [09]: 'VM'
4:761  0:000  === [ AddCustomTool ] =====================================
4:763  0:001  found tool \EFI\CLOVER\tools\Shell64U.efi
4:763  0:000  Checking EFI partition Volume 1 for Clover
4:763  0:000   Found Clover
4:765  0:002  === [ GetEfiBootDeviceFromNvram ] =========================
4:765  0:000   - efi-boot-device-data: PciRoot(0x0)\Pci(0x1F,0x2)\Sata(0x0,0x0,0x0)\HD(5,GPT,9BAFB41E-6CB7-45E6-8903-B2D0B113EFDA,0x15B24000,0x6400488)\VenMedia(BE74FCF7-0B7C-49F3-9147-01F4042E6842,298AD7FA84335339B87CFECAB6111AB6)
4:765  0:000    - Volume: 'PciRoot(0x0)\Pci(0x1F,0x2)\Sata(0x0,0x0,0x0)\HD(5,GPT,9BAFB41E-6CB7-45E6-8903-B2D0B113EFDA,0x15B24000,0x6400488)\VenMedia(BE74FCF7-0B7C-49F3-9147-01F4042E6842,298AD7FA84335339B87CFECAB6111AB6)'
4:765  0:000    - LoaderPath: '<null string>'
4:765  0:000    - Guid = 9BAFB41E-6CB7-45E6-8903-B2D0B113EFDA
4:765  0:000  === [ FindStartupDiskVolume ] =============================
4:765  0:000    - Volume: partition = PciRoot(0x0)\Pci(0x1F,0x2)\Sata(0x0,0x0,0x0)\HD(5,GPT,9BAFB41E-6CB7-45E6-8903-B2D0B113EFDA,0x15B24000,0x6400488)\VenMedia(BE74FCF7-0B7C-49F3-9147-01F4042E6842,298AD7FA84335339B87CFECAB6111AB6)
4:765  0:000     - searching for that partition
4:765  0:000      - found entry 1. 'Boot macOS from Mac', Volume 'Mac'
4:765  0:000  Boot redirected to Entry 1. 'Boot macOS from Mac'
4:765  0:000  DefaultIndex=1 and MainMenu.EntryCount=8
4:824  0:058  GUI ready
18:877  14:053  ReinitSelfLib after theme change
18:877  0:000  reinit: self device path=PciRoot(0x0)\Pci(0x1F,0x2)\Sata(0x0,0x0,0x0)\HD(1,GPT,D889A70D-5163-4EAC-8E0E-D7C55F5FD08F,0x22,0x11B7DE)
18:877  0:000  === [ ScanVolumes ] =======================================
18:877  0:000  Found 10 volumes with blockIO
18:877  0:000  - [00]: Volume: PciRoot(0x0)\Pci(0x1F,0x2)\Sata(0x0,0x0,0x0)
18:878  0:000  - [01]: Volume: PciRoot(0x0)\Pci(0x1F,0x2)\Sata(0x0,0x0,0x0)\HD(1,GPT,D889A70D-5163-4EAC-8E0E-D7C55F5FD08F,0x22,0x11B7DE)
18:878  0:000          Result of bootcode detection: bootable Windows (vista,win)
18:878  0:000          This is SelfVolume !!
18:878  0:000  - [02]: Volume: PciRoot(0x0)\Pci(0x1F,0x2)\Sata(0x0,0x0,0x0)\HD(2,GPT,D0BBFED0-9D33-4729-9C54-22CF9FE2A620,0x11B800,0x8000)
18:878  0:000  - [03]: Volume: PciRoot(0x0)\Pci(0x1F,0x2)\Sata(0x0,0x0,0x0)\HD(3,GPT,8D269EB4-B25A-48DE-A119-906F5F41007B,0x123800,0x1582D800)
18:878  0:000          Result of bootcode detection: bootable Windows (vista,win)
18:879  0:000  - [04]: Volume: PciRoot(0x0)\Pci(0x1F,0x2)\Sata(0x0,0x0,0x0)\HD(4,GPT,3E4B06BA-72E1-4123-B4C5-253C51F7AB4F,0x15951000,0x1D2800)
18:879  0:000          Result of bootcode detection: bootable Windows (vista,win)
18:879  0:000  - [05]: Volume: PciRoot(0x0)\Pci(0x1F,0x2)\Sata(0x0,0x0,0x0)\HD(5,GPT,9BAFB41E-6CB7-45E6-8903-B2D0B113EFDA,0x15B24000,0x6400488)
18:879  0:000          Result of bootcode detection: bootable unknown (legacy)
18:879  0:000  - [06]: Volume: PciRoot(0x0)\Pci(0x1F,0x2)\Sata(0x0,0x0,0x0)\HD(5,GPT,9BAFB41E-6CB7-45E6-8903-B2D0B113EFDA,0x15B24000,0x6400488)\VenMedia(BE74FCF7-0B7C-49F3-9147-01F4042E6842,A53CF916CDA9E34FB558CA3C9A6888A4)
18:879  0:000  - [07]: Volume: PciRoot(0x0)\Pci(0x1F,0x2)\Sata(0x0,0x0,0x0)\HD(5,GPT,9BAFB41E-6CB7-45E6-8903-B2D0B113EFDA,0x15B24000,0x6400488)\VenMedia(BE74FCF7-0B7C-49F3-9147-01F4042E6842,298AD7FA84335339B87CFECAB6111AB6)
18:879  0:000  - [08]: Volume: PciRoot(0x0)\Pci(0x1F,0x2)\Sata(0x0,0x0,0x0)\HD(5,GPT,9BAFB41E-6CB7-45E6-8903-B2D0B113EFDA,0x15B24000,0x6400488)\VenMedia(BE74FCF7-0B7C-49F3-9147-01F4042E6842,43A29D95714CA649835F8861C4436205)
18:879  0:000  - [09]: Volume: PciRoot(0x0)\Pci(0x1F,0x2)\Sata(0x0,0x0,0x0)\HD(5,GPT,9BAFB41E-6CB7-45E6-8903-B2D0B113EFDA,0x15B24000,0x6400488)\VenMedia(BE74FCF7-0B7C-49F3-9147-01F4042E6842,15EE6C894C23C94D81A54C23296A1CEE)
18:880  0:000  found 2 handles with audio
18:880  0:000  No AudioIoDevice stored
18:880  0:000  no stored audio parameters
18:880  0:000  theme inited
18:880  0:000  Chosen theme Minimalism
18:880  0:000  found boot-args in NVRAM:, size=1
18:880  0:000  after NVRAM boot-args=kext-dev-mode=1 dart=0 slide=0 nv_disable=1 -alcbeta
18:880  0:000  === [ ScanLoader ] ========================================
18:880  0:000  - [01]: 'EFI'
18:880  0:000          AddLoaderEntry for Volume Name=EFI
18:880  0:000          AddLoaderEntry for Volume Name=EFI
18:881  0:000  - [06]: 'Preboot'
18:885  0:004          AddLoaderEntry for Volume Name=Preboot
18:891  0:005      hibernated: set as never
18:893  0:002          AddLoaderEntry for Volume Name=Preboot
18:903  0:009  - [07]: 'Mac'
18:938  0:034          AddLoaderEntry for Volume Name=Mac
18:946  0:008      hibernated: set as never
18:952  0:005  - [08]: 'Recovery'
18:955  0:003          AddLoaderEntry for Volume Name=Recovery
18:962  0:006  - [09]: 'VM'
18:962  0:000  === [ AddCustomTool ] =====================================
18:962  0:000  found tool \EFI\CLOVER\tools\Shell64U.efi
18:962  0:000  Checking EFI partition Volume 1 for Clover
18:962  0:000   Found Clover
18:962  0:000  === [ GetEfiBootDeviceFromNvram ] =========================
18:962  0:000  === [ FindStartupDiskVolume ] =============================
18:962  0:000    - Volume: partition = PciRoot(0x0)\Pci(0x1F,0x2)\Sata(0x0,0x0,0x0)\HD(5,GPT,9BAFB41E-6CB7-45E6-8903-B2D0B113EFDA,0x15B24000,0x6400488)\VenMedia(BE74FCF7-0B7C-49F3-9147-01F4042E6842,298AD7FA84335339B87CFECAB6111AB6)
18:962  0:000     - searching for that partition
18:962  0:000      - found entry 4. 'Boot macOS from Mac', Volume 'Mac'
18:962  0:000  Boot redirected to Entry 4. 'Boot macOS from Mac'
18:962  0:000  DefaultIndex=4 and MainMenu.EntryCount=12
49:577  30:615   boot with args: kext-dev-mode=1 dart=0 slide=0 nv_disable=1 -alcbeta -v 
62:972  13:394   boot with args: kext-dev-mode=1 dart=0 slide=0 nv_disable=1 -alcbeta -v 
62:972  0:000  BootVariable of the entry is empty
62:972  0:000  === [ StartLoader ] =======================================
62:972  0:000  Finally: ExternalClock=25MHz BusSpeed=99774kHz CPUFreq=1796MHz PIS: hw.busfrequency=100000000Hz
62:972  0:000  Loading boot.efi  status=Success
63:040  0:068  GetOSVersion: 10.14.3 (18D109)
63:040  0:000  CSR_CFG: CSR_ALLOW_UNTRUSTED_KEXTS | CSR_ALLOW_UNRESTRICTED_FS | CSR_ALLOW_TASK_FOR_PID | CSR_ALLOW_UNRESTRICTED_DTRACE | CSR_ALLOW_UNRESTRICTED_NVRAM
63:040  0:000  Filtering KextPatches:
63:040  0:000   - [00]: com.apple.iokit.IOUSBHostFamily (USB port limit patch #1 10.14.x modify by DalianSky(credit ydeng)) :: BinPatch :: [OS: 10.14.3 | MatchOS: 10.14.x | MatchBuild: All] ==> allowed
63:040  0:000   - [01]: com.apple.iokit.IOUSBHostFamily (USB port limit patch #2 10.14.x modify by DalianSky(credit PMHeart)) :: BinPatch :: [OS: 10.14.3 | MatchOS: 10.14.x | MatchBuild: All] ==> allowed
63:040  0:000   - [02]: com.apple.driver.usb.AppleUSBXHCI (USB Port limit patch #3 10.14.x modify by DalianSky(credits PMheart)) :: BinPatch :: [OS: 10.14.3 | MatchOS: 10.14.x | MatchBuild: All] ==> allowed
63:040  0:000   - [03]: com.apple.driver.usb.AppleUSBXHCI (USB Port limit patch #4 10.14.x modify by DalianSky(credits PMheart)) :: BinPatch :: [OS: 10.14.3 | MatchOS: 10.14.x | MatchBuild: All] ==> allowed
63:040  0:000  Will not patch boot.efi
63:040  0:000  === [ PatchSmbios ] =======================================
63:040  0:000  insert table 9 for dev 0:1
63:040  0:000  insert table 9 for dev 0:0
63:041  0:000  Trusting SMBIOS...
63:041  0:000  Detected alternating SMBIOS channel banks
63:041  0:000  Channels: 2
63:041  0:000  Interleave: 0 2 1 3 4 6 5 7 8 10 9 11 12 14 13 15 16 18 17 19 20 22 21 23
63:041  0:000   partNum=FCJ41UG6BBU0-DJ-F 
63:041  0:000  SMBIOS Type 17 Index = 0 => 0 0:
63:041  0:000  BANK 0 DIMM0 1600MHz 4096MB
63:041  0:000   partNum=99P5471-002.A00LFÿ
63:041  0:000  SMBIOS Type 17 Index = 1 => 1 2:
63:041  0:000  BANK 1 DIMM0 1600MHz 4096MB
63:041  0:000  mTotalSystemMemory = 8192
63:041  0:000  NumberOfMemoryDevices = 2
63:041  0:000  Type20[0]->End = 0x3FFFFF, Type17[0] = 0x1000
63:041  0:000  Type20[1]->End = 0x3FFFFF, Type17[1] = 0x3000
63:041  0:000  Table 131 is present, CPUType=31
63:041  0:000  Change to: 604
63:041  0:000  === [ PatchACPI ] =========================================
63:041  0:000  Xsdt reallocation done
63:041  0:000  old FADT length=10C
63:041  0:000   SignatureFixup: 0x0 -> 0x0
63:042  0:000  Apply DsdtFixMask=0x00400011
63:042  0:000     drop _DSM mask=0x0000
63:042  0:000  === [ FixBiosDsdt ] =======================================
63:042  0:000  Patching DSDT:
63:042  0:000   - [change _OSI to XOSI]: disabled
63:042  0:000   - [change _DSM to XDSM]: pattern 5F44534D, patched at: [ (8F18) (183A) ]
63:042  0:000   - [change EC0 to EC]: pattern 4543305F, patched at: [ (1C0D) (1F07) (10) (14) (10) (15) (10) (25) (46) (20) (21) (20) (76) (1DE2) (2D) (14) (1E) (1E) (1E) (1E) (1E) (9D) (5E) (17) (262) (1E) (1E) (1E) (22) (1E) (1E) (15) (2F8C) (21) (196F) (21) (39) (21) (12A) (2C) (3E) (13) (12) (12) (12) (12) (12) (13) (211) (48) (22) (26) (31) (6B) (3C) (30) (1E) (1D) (51) (1E) (1D) (3F) (13) (13) (14) (14) (14) (14) (14) (14) (14) (15) (1B) (1B) (1B) (1B) (1B) (1B) (1B) (1B) (1B) ]
63:042  0:000   - [change EHC1 to EH01(USB)]: disabled
63:042  0:000   - [change EHC2 to EH02(USB)]: disabled
63:042  0:000   - [change GFX0 to IGPU]: pattern 47465830, patched at: [ (1CE8) (12) (F03) (11) (8) (2B) (8) (5B) (9F) (317) (2E) (37) (2B85) (19) (138C) (14) (2096) (140C) (12) (CF7) (1B) (1B) (1B) (1B) (1B) (1B) (1B) (1B) (1B) (8) ]
63:042  0:000   - [Rename SAT0 to SATA (Disk)]: pattern 53415430, patched at: [ (2E79) (59CA) (6B4) ]
63:043  0:000    0 replacements
63:043  0:000  Start HPET Fix
63:044  0:000   deleting device CRT_
63:044  0:000   deleting device DVI_
63:044  0:000   deleting device SPKR
63:045  0:000   deleting device ECP_
63:045  0:000   deleting device LPT_
63:045  0:000   deleting device FDC0
63:046  0:000   deleting device ECP1
63:046  0:000   deleting device LPT1
63:046  0:000  PreCleanup XSDT: count=16, length=164
63:046  0:000  PreCleanup XSDT, corrected XSDT: count=16, length=164
63:046  0:000  === [ ACPIPatchedAML ] ====================================
63:046  0:000  AutoMerge pass 1
63:046  0:000  Unsorted
63:046  0:000  Inserting SSDT-UIAC.aml from EFI\CLOVER\ACPI\patched: ignore on pass 1
63:046  0:000  Inserting SSDT.aml from EFI\CLOVER\ACPI\patched: ignore on pass 1
63:046  0:000  Inserting SSDT-PNLF.aml from EFI\CLOVER\ACPI\patched: ignore on pass 1
63:046  0:000  === [ ACPIDropTables ] ====================================
63:046  0:000  0. [change _OSI to XOSI]: disabled
63:046  0:000  1. [change _DSM to XDSM]: pattern 5F44534D, bin not found / already patched!
63:046  0:000  2. [change EC0 to EC]: pattern 4543305F, bin not found / already patched!
63:046  0:000  3. [change EHC1 to EH01(USB)]: disabled
63:046  0:000  4. [change EHC2 to EH02(USB)]: disabled
63:046  0:000  5. [change GFX0 to IGPU]: pattern 47465830, bin not found / already patched!
63:046  0:000  6. [Rename SAT0 to SATA (Disk)]: pattern 53415430, bin not found / already patched!
63:046  0:000    0 replacements
63:047  0:000  0. [change _OSI to XOSI]: disabled
63:047  0:000  1. [change _DSM to XDSM]: pattern 5F44534D, bin not found / already patched!
63:047  0:000  2. [change EC0 to EC]: pattern 4543305F, bin not found / already patched!
63:047  0:000  3. [change EHC1 to EH01(USB)]: disabled
63:047  0:000  4. [change EHC2 to EH02(USB)]: disabled
63:047  0:000  5. [change GFX0 to IGPU]: pattern 47465830, bin not found / already patched!
63:047  0:000  6. [Rename SAT0 to SATA (Disk)]: pattern 53415430, bin not found / already patched!
63:047  0:000    0 replacements
63:047  0:000  0. [change _OSI to XOSI]: disabled
63:047  0:000  1. [change _DSM to XDSM]: pattern 5F44534D, bin not found / already patched!
63:047  0:000  2. [change EC0 to EC]: pattern 4543305F, bin not found / already patched!
63:047  0:000  3. [change EHC1 to EH01(USB)]: disabled
63:047  0:000  4. [change EHC2 to EH02(USB)]: disabled
63:047  0:000  5. [change GFX0 to IGPU]: pattern 47465830, bin not found / already patched!
63:047  0:000  6. [Rename SAT0 to SATA (Disk)]: pattern 53415430, bin not found / already patched!
63:047  0:000    0 replacements
63:047  0:000  Found OperationRegion(PPMT, SystemMemory, AAFBBE18, ...)
63:047  0:000  === [ ACPIPatchedAML ] ====================================
63:047  0:000  AutoMerge pass 2
63:047  0:000  Unsorted
63:047  0:000  Inserting SSDT-UIAC.aml from EFI\CLOVER\ACPI\patched: size=606 ... Success
63:047  0:000  Inserting SSDT.aml from EFI\CLOVER\ACPI\patched: size=1606 ... Success
63:047  0:000  Inserting SSDT-PNLF.aml from EFI\CLOVER\ACPI\patched: size=1028 ... Success
63:047  0:000  CPUBase=0 and ApicCPUBase=1 ApicCPUNum=8
63:047  0:000  Cleanup XSDT: count=19, length=188
63:047  0:000  corrected XSDT count=19, length=188
63:047  0:000  === [ RestSetup macOS ] ===================================
63:047  0:000  --- Custom EDID Table size:128
63:047  0:000  000  |  00  FF  FF  FF  FF  FF  FF  00  06  AF
63:047  0:000  010  |  EC  31  00  00  00  00  00  16  01  04
63:047  0:000  020  |  95  1D  10  78  02  BB  F5  94  55  54
63:047  0:000  030  |  90  27  23  50  54  00  00  00  01  01
63:047  0:000  040  |  01  01  01  01  01  01  01  01  01  01
63:047  0:000  050  |  01  01  01  01  CE  1D  56  C0  50  00
63:047  0:000  060  |  30  30  08  0A  31  00  58  C1  10  00
63:047  0:000  070  |  00  18  00  00  00  0F  00  00  00  00
63:047  0:000  080  |  00  00  00  00  00  00  00  00  00  20
63:047  0:000  090  |  00  00  00  FE  00  41  55  4F  0A  20
63:047  0:000  100  |  20  20  20  20  20  20  20  20  00  00
63:047  0:000  110  |  00  FE  00  42  31  35  36  58  54  4E
63:047  0:000  120  |  30  33  2E  31  20  0A  00  2F
63:047  0:000  add device: PciRoot(0x0)/Pci(0x1B,0x0)
63:047  0:000     Add key=layout-id valuelen=4
63:047  0:000  add device: PciRoot(0x0)/Pci(0x2,0x0)
63:047  0:000     Add key=hda-gfx valuelen=10
63:047  0:000     Add key=framebuffer-unifiedmem valuelen=4
63:047  0:000     Add key=framebuffer-patch-enable valuelen=4
63:047  0:000     Add key=framebuffer-con3-type valuelen=4
63:047  0:000     Add key=framebuffer-con3-flags valuelen=4
63:047  0:000     Add key=framebuffer-con3-enable valuelen=4
63:047  0:000     Add key=framebuffer-con2-type valuelen=4
63:047  0:000     Add key=framebuffer-con2-flags valuelen=4
63:047  0:000     Add key=framebuffer-con2-enable valuelen=4
63:047  0:000     Add key=framebuffer-con1-type valuelen=4
63:047  0:000     Add key=framebuffer-con1-flags valuelen=4
63:047  0:000     Add key=framebuffer-con1-enable valuelen=4
63:047  0:000     Add key=AAPL,ig-platform-id valuelen=4
63:047  0:000  Intel HD Graphics 4000 [8086:0166] :: PciRoot(0x0)\Pci(0x2,0x0)
63:047  0:000    ig-platform-id = 0x01660009
63:047  0:000  Intel GFX revision  = 0x9
63:048  0:000  stringlength = 4910
63:048  0:000  CurrentMode: Width=1366 Height=768
63:048  0:000  Beginning FSInjection
FSInjectionInstall ...
- Our FSI_SIMPLE_FILE_SYSTEM_PROTOCOL installed on handle: A9BBE818
FSInjectionInstall ...
- Our FSI_SIMPLE_FILE_SYSTEM_PROTOCOL installed on handle: A9BBE818
63:066  0:017  Use origin smbios table type 1 guid.
63:069  0:003  Preparing kexts injection for arch=x86_64 from EFI\CLOVER\kexts\Other
63:069  0:000  Extra kext: EFI\CLOVER\kexts\Other\FakeSMC.kext (v.1800)
63:077  0:007  Preparing kexts injection for arch=x86_64 from EFI\CLOVER\kexts\10.14
63:077  0:000  Extra kext: EFI\CLOVER\kexts\10.14\WhateverGreen.kext (v.1.2.6)
63:085  0:008  Extra kext: EFI\CLOVER\kexts\10.14\VoodooPS2Controller.kext (v.1.8.34)
63:088  0:003    |-- PlugIn kext: EFI\CLOVER\kexts\10.14\VoodooPS2Controller.kext\Contents\PlugIns\VoodooPS2Trackpad.kext (v.1.8.34)
63:094  0:005    |-- PlugIn kext: EFI\CLOVER\kexts\10.14\VoodooPS2Controller.kext\Contents\PlugIns\VoodooPS2Mouse.kext (v.1.8.34)
63:097  0:002    |-- PlugIn kext: EFI\CLOVER\kexts\10.14\VoodooPS2Controller.kext\Contents\PlugIns\VoodooPS2Keyboard.kext (v.1.8.34)
63:104  0:007  Extra kext: EFI\CLOVER\kexts\10.14\USBPorts.kext (v.1.0)
63:107  0:002  Extra kext: EFI\CLOVER\kexts\10.14\RealtekRTL8111.kext (v.2.2.2)
63:111  0:003  Extra kext: EFI\CLOVER\kexts\10.14\Lilu.kext (v.1.3.4)
63:113  0:002  Extra kext: EFI\CLOVER\kexts\10.14\BrcmNonPatchRAM2.kext (v.2.2.10)
63:117  0:004  Extra kext: EFI\CLOVER\kexts\10.14\BrcmFirmwareRepo.kext (v.2.2.10)
63:119  0:002  Extra kext: EFI\CLOVER\kexts\10.14\AppleBacklightFixup.kext (v.1.0.2)
63:124  0:004  Extra kext: EFI\CLOVER\kexts\10.14\AppleALC.kext (v.1.3.5)
63:254  0:129  Extra kext: EFI\CLOVER\kexts\10.14\AirportBrcmFixup.kext (v.1.1.9)
63:260  0:005  Extra kext: EFI\CLOVER\kexts\10.14\ACPIBatteryManager.kext (v.1.90.1)
63:269  0:009  SetStartupDiskVolume:
63:269  0:000    * Volume: 'Recovery'
63:269  0:000    * LoaderPath: '\FAD78A29-3384-3953-B87C-FECAB6111AB6\boot.efi'
63:269  0:000    * DevPath: Recovery
63:269  0:000    * GUID = 9BAFB41E-6CB7-45E6-8903-B2D0B113EFDA
63:285  0:016    * efi-boot-device: <array><dict><key>IOMatch</key><dict><key>IOProviderClass</key><string>IOMedia</string><key>IOPropertyMatch</key><dict><key>UUID</key><string>9BAFB41E-6CB7-45E6-8903-B2D0B113EFDA</string></dict></dict></dict></array>
63:285  0:000  Custom boot screen not used because entry has unset use graphics
63:286  0:000  Closing log
